INFO:root:Namespace(batch_size=128, blocks=1, channel_times=1, dataset='cifar100', drop_rate=0.0, gpus='0', logging_dir='logs', lr=0.2, lr_decay=0.1, lr_decay_epoch='300,450', lr_decay_period=0, mode='hybrid', model='resnext29_16x64d', momentum=0.9, num_epochs=640, num_workers=8, resume_from=None, save_dir='params', save_period=10, save_plot_dir='.', start_layer=1, summary=True, wd=0.0001)
INFO:root:Namespace(batch_size=128, blocks=1, channel_times=1, dataset='cifar100', drop_rate=0.0, gpus='0', logging_dir='logs', lr=0.2, lr_decay=0.1, lr_decay_epoch='300,450', lr_decay_period=0, mode='hybrid', model='resnext29_16x64d', momentum=0.9, num_epochs=640, num_workers=8, resume_from=None, save_dir='params', save_period=10, save_plot_dir='.', start_layer=1, summary=False, wd=0.0001)
INFO:root:[Epoch 0] train=0.077008 val=0.228900 loss=2.860907 time: 137.434044
INFO:root:Namespace(batch_size=128, blocks=1, channel_times=1, dataset='cifar100', drop_rate=0.0, gpus='0,1', logging_dir='logs', lr=0.2, lr_decay=0.1, lr_decay_epoch='300,450', lr_decay_period=0, mode='hybrid', model='resnext29_16x64d', momentum=0.9, num_epochs=640, num_workers=8, resume_from=None, save_dir='params', save_period=10, save_plot_dir='.', start_layer=1, summary=False, wd=0.0001)
INFO:root:[Epoch 0] train=0.077790 val=0.194300 loss=2.874833 time: 73.918203
INFO:root:[Epoch 1] train=0.076003 val=0.257600 loss=2.659575 time: 70.127500
INFO:root:[Epoch 2] train=0.074441 val=0.310600 loss=2.580582 time: 70.415020
INFO:root:[Epoch 3] train=0.073523 val=0.344700 loss=2.508915 time: 70.419279
INFO:root:[Epoch 4] train=0.073097 val=0.387000 loss=2.396202 time: 70.300216
INFO:root:[Epoch 5] train=0.071621 val=0.443300 loss=2.280576 time: 70.496259
INFO:root:[Epoch 6] train=0.068720 val=0.443800 loss=2.221203 time: 70.437445
INFO:root:[Epoch 7] train=0.066944 val=0.486700 loss=2.165527 time: 70.557365
INFO:root:[Epoch 8] train=0.065284 val=0.561000 loss=2.076333 time: 70.528969
INFO:root:[Epoch 9] train=0.064190 val=0.582800 loss=2.009372 time: 70.644344
INFO:root:[Epoch 10] train=0.063045 val=0.584100 loss=1.944228 time: 70.416470
INFO:root:[Epoch 11] train=0.061897 val=0.603300 loss=1.876106 time: 70.602535
INFO:root:[Epoch 12] train=0.061024 val=0.623100 loss=1.906338 time: 70.387392
INFO:root:[Epoch 13] train=0.060497 val=0.616200 loss=1.809542 time: 70.449579
INFO:root:[Epoch 14] train=0.059525 val=0.671300 loss=1.763194 time: 70.661365
INFO:root:[Epoch 15] train=0.058541 val=0.639700 loss=1.822528 time: 70.458445
INFO:root:[Epoch 16] train=0.057791 val=0.642900 loss=1.763011 time: 70.380038
INFO:root:[Epoch 17] train=0.056960 val=0.652100 loss=1.731053 time: 70.413359
INFO:root:[Epoch 18] train=0.056812 val=0.664500 loss=1.740737 time: 70.379049
INFO:root:[Epoch 19] train=0.056488 val=0.699500 loss=1.712894 time: 70.490741
INFO:root:[Epoch 20] train=0.055609 val=0.694400 loss=1.669244 time: 70.212426
INFO:root:[Epoch 21] train=0.055240 val=0.693800 loss=1.659212 time: 70.323077
INFO:root:[Epoch 22] train=0.054248 val=0.681900 loss=1.657584 time: 70.376375
INFO:root:[Epoch 23] train=0.054091 val=0.671800 loss=1.674092 time: 70.188007
INFO:root:[Epoch 24] train=0.053705 val=0.694700 loss=1.595333 time: 70.382862
INFO:root:[Epoch 25] train=0.053470 val=0.702800 loss=1.638509 time: 70.480276
INFO:root:[Epoch 26] train=0.053278 val=0.719900 loss=1.650593 time: 70.208990
INFO:root:[Epoch 27] train=0.053105 val=0.723800 loss=1.614787 time: 70.364698
INFO:root:[Epoch 28] train=0.052281 val=0.723200 loss=1.595569 time: 70.322575
INFO:root:[Epoch 29] train=0.052544 val=0.740900 loss=1.638454 time: 70.531702
INFO:root:[Epoch 30] train=0.052478 val=0.702700 loss=1.656277 time: 70.277804
INFO:root:[Epoch 31] train=0.051776 val=0.735000 loss=1.621237 time: 70.313392
INFO:root:[Epoch 32] train=0.051628 val=0.726900 loss=1.592948 time: 70.349888
INFO:root:[Epoch 33] train=0.051353 val=0.720700 loss=1.560179 time: 70.206680
INFO:root:[Epoch 34] train=0.051477 val=0.709400 loss=1.600462 time: 70.346220
INFO:root:[Epoch 35] train=0.051704 val=0.708900 loss=1.616376 time: 70.390927
INFO:root:[Epoch 36] train=0.051145 val=0.706700 loss=1.582031 time: 70.364412
INFO:root:[Epoch 37] train=0.051381 val=0.730500 loss=1.578096 time: 70.249909
INFO:root:[Epoch 38] train=0.050829 val=0.745400 loss=1.562006 time: 70.338394
INFO:root:[Epoch 39] train=0.050562 val=0.738400 loss=1.551907 time: 70.369064
INFO:root:[Epoch 40] train=0.049276 val=0.719500 loss=1.480065 time: 70.069452
INFO:root:[Epoch 41] train=0.049885 val=0.732600 loss=1.542209 time: 70.290637
INFO:root:[Epoch 42] train=0.048680 val=0.745100 loss=1.435639 time: 70.065709
INFO:root:[Epoch 43] train=0.049733 val=0.745100 loss=1.544335 time: 70.351638
INFO:root:[Epoch 44] train=0.048860 val=0.773200 loss=1.472788 time: 70.311836
INFO:root:[Epoch 45] train=0.048835 val=0.754800 loss=1.478230 time: 70.186060
INFO:root:[Epoch 46] train=0.048890 val=0.755300 loss=1.482113 time: 70.343092
INFO:root:[Epoch 47] train=0.048619 val=0.756000 loss=1.469738 time: 70.225534
INFO:root:[Epoch 48] train=0.048900 val=0.728500 loss=1.518131 time: 70.199694
INFO:root:[Epoch 49] train=0.048895 val=0.756900 loss=1.485736 time: 70.062417
INFO:root:[Epoch 50] train=0.048986 val=0.728100 loss=1.505394 time: 70.144317
INFO:root:[Epoch 51] train=0.048240 val=0.785500 loss=1.446762 time: 70.331290
INFO:root:[Epoch 52] train=0.047700 val=0.759000 loss=1.449985 time: 70.183348
INFO:root:[Epoch 53] train=0.048034 val=0.774100 loss=1.472829 time: 70.431362
INFO:root:[Epoch 54] train=0.048784 val=0.746000 loss=1.522327 time: 70.277022
INFO:root:[Epoch 55] train=0.047838 val=0.778700 loss=1.478959 time: 70.344913
INFO:root:[Epoch 56] train=0.048401 val=0.753400 loss=1.535804 time: 70.312540
INFO:root:[Epoch 57] train=0.047786 val=0.748100 loss=1.466686 time: 70.400699
INFO:root:[Epoch 58] train=0.047432 val=0.748000 loss=1.449727 time: 70.166712
INFO:root:[Epoch 59] train=0.047446 val=0.768300 loss=1.472876 time: 70.200798
INFO:root:[Epoch 60] train=0.047000 val=0.779000 loss=1.424058 time: 70.259990
INFO:root:[Epoch 61] train=0.047400 val=0.780400 loss=1.464658 time: 70.225102
INFO:root:[Epoch 62] train=0.046543 val=0.767900 loss=1.420854 time: 70.315684
INFO:root:[Epoch 63] train=0.046875 val=0.741200 loss=1.440128 time: 70.332099
INFO:root:[Epoch 64] train=0.046349 val=0.780100 loss=1.408421 time: 70.240516
INFO:root:[Epoch 65] train=0.046880 val=0.760600 loss=1.433368 time: 70.340432
INFO:root:[Epoch 66] train=0.046418 val=0.773300 loss=1.419558 time: 70.295705
INFO:root:[Epoch 67] train=0.046555 val=0.758100 loss=1.458691 time: 70.177445
INFO:root:[Epoch 68] train=0.047179 val=0.745300 loss=1.476680 time: 70.361058
INFO:root:[Epoch 69] train=0.047794 val=0.763900 loss=1.524114 time: 70.393367
INFO:root:[Epoch 70] train=0.046417 val=0.769900 loss=1.431685 time: 70.125852
INFO:root:[Epoch 71] train=0.046040 val=0.769900 loss=1.400749 time: 70.154938
INFO:root:[Epoch 72] train=0.045840 val=0.742600 loss=1.412795 time: 70.277003
INFO:root:[Epoch 73] train=0.044472 val=0.764700 loss=1.331564 time: 70.291935
INFO:root:[Epoch 74] train=0.046472 val=0.755200 loss=1.462651 time: 70.110070
INFO:root:[Epoch 75] train=0.046092 val=0.778100 loss=1.433038 time: 70.126675
INFO:root:[Epoch 76] train=0.045034 val=0.766100 loss=1.370798 time: 70.205882
INFO:root:[Epoch 77] train=0.045517 val=0.767100 loss=1.386910 time: 70.355869
INFO:root:[Epoch 78] train=0.045618 val=0.757500 loss=1.433532 time: 70.266501
INFO:root:[Epoch 79] train=0.045607 val=0.793300 loss=1.408125 time: 70.457059
INFO:root:[Epoch 80] train=0.046475 val=0.768100 loss=1.468723 time: 70.210958
INFO:root:[Epoch 81] train=0.045210 val=0.778600 loss=1.370674 time: 70.445033
INFO:root:[Epoch 82] train=0.045742 val=0.792700 loss=1.425129 time: 70.098087
INFO:root:[Epoch 83] train=0.046254 val=0.745000 loss=1.467930 time: 70.281505
INFO:root:[Epoch 84] train=0.044364 val=0.782100 loss=1.320071 time: 70.271657
INFO:root:[Epoch 85] train=0.045371 val=0.776400 loss=1.423494 time: 70.413013
INFO:root:[Epoch 86] train=0.044801 val=0.782400 loss=1.383259 time: 70.232412
INFO:root:[Epoch 87] train=0.044860 val=0.787000 loss=1.399217 time: 70.176628
INFO:root:[Epoch 88] train=0.044236 val=0.774900 loss=1.348960 time: 70.491449
INFO:root:[Epoch 89] train=0.045007 val=0.781700 loss=1.392986 time: 70.462414
INFO:root:[Epoch 90] train=0.044504 val=0.791500 loss=1.362764 time: 70.259411
INFO:root:[Epoch 91] train=0.044080 val=0.765500 loss=1.322959 time: 70.389248
INFO:root:[Epoch 92] train=0.043960 val=0.788800 loss=1.346965 time: 70.257528
INFO:root:[Epoch 93] train=0.043708 val=0.791200 loss=1.354739 time: 70.468911
INFO:root:[Epoch 94] train=0.043945 val=0.785500 loss=1.347205 time: 70.361077
INFO:root:[Epoch 95] train=0.045291 val=0.782600 loss=1.432028 time: 70.102464
INFO:root:[Epoch 96] train=0.044762 val=0.799700 loss=1.380514 time: 70.543522
INFO:root:[Epoch 97] train=0.044968 val=0.783000 loss=1.405857 time: 70.170869
INFO:root:[Epoch 98] train=0.044557 val=0.772300 loss=1.380126 time: 70.331261
INFO:root:[Epoch 99] train=0.044585 val=0.803300 loss=1.393135 time: 70.448080
INFO:root:[Epoch 100] train=0.042442 val=0.797200 loss=1.265800 time: 70.435306
INFO:root:[Epoch 101] train=0.043451 val=0.786900 loss=1.337304 time: 70.165143
INFO:root:[Epoch 102] train=0.043028 val=0.777900 loss=1.323435 time: 70.334380
INFO:root:[Epoch 103] train=0.043788 val=0.774200 loss=1.365424 time: 70.401448
INFO:root:[Epoch 104] train=0.043684 val=0.784100 loss=1.338729 time: 70.265702
INFO:root:[Epoch 105] train=0.043960 val=0.778200 loss=1.359514 time: 70.195143
INFO:root:[Epoch 106] train=0.042891 val=0.787000 loss=1.329226 time: 70.449712
INFO:root:[Epoch 107] train=0.043370 val=0.784100 loss=1.324228 time: 70.489299
INFO:root:[Epoch 108] train=0.043807 val=0.792800 loss=1.350901 time: 70.221725
INFO:root:[Epoch 109] train=0.043465 val=0.799000 loss=1.347354 time: 70.246197
INFO:root:[Epoch 110] train=0.042700 val=0.784100 loss=1.320311 time: 70.173809
INFO:root:[Epoch 111] train=0.043251 val=0.805600 loss=1.341003 time: 70.479344
INFO:root:[Epoch 112] train=0.043203 val=0.785300 loss=1.346894 time: 70.268467
INFO:root:[Epoch 113] train=0.043818 val=0.768900 loss=1.394273 time: 70.370470
INFO:root:[Epoch 114] train=0.043187 val=0.787600 loss=1.357113 time: 70.567223
INFO:root:[Epoch 115] train=0.042111 val=0.817500 loss=1.270261 time: 70.446784
INFO:root:[Epoch 116] train=0.042999 val=0.782900 loss=1.325410 time: 70.216344
INFO:root:[Epoch 117] train=0.042831 val=0.794800 loss=1.322372 time: 70.183750
INFO:root:[Epoch 118] train=0.042900 val=0.784900 loss=1.303253 time: 70.337171
INFO:root:[Epoch 119] train=0.043766 val=0.770700 loss=1.390486 time: 70.212598
INFO:root:[Epoch 120] train=0.042901 val=0.793100 loss=1.340166 time: 70.105130
INFO:root:[Epoch 121] train=0.043252 val=0.781500 loss=1.348265 time: 70.187454
INFO:root:[Epoch 122] train=0.042448 val=0.781700 loss=1.303805 time: 70.465330
INFO:root:[Epoch 123] train=0.041414 val=0.800400 loss=1.267541 time: 70.490216
INFO:root:[Epoch 124] train=0.042439 val=0.812600 loss=1.303826 time: 70.341208
INFO:root:[Epoch 125] train=0.042048 val=0.791600 loss=1.301252 time: 70.302215
INFO:root:[Epoch 126] train=0.042910 val=0.794900 loss=1.334850 time: 70.114464
INFO:root:[Epoch 127] train=0.042810 val=0.789700 loss=1.317953 time: 70.456705
INFO:root:[Epoch 128] train=0.043039 val=0.787600 loss=1.340105 time: 70.067498
INFO:root:[Epoch 129] train=0.043342 val=0.803800 loss=1.359967 time: 70.201608
INFO:root:[Epoch 130] train=0.044344 val=0.778700 loss=1.419258 time: 70.497814
INFO:root:[Epoch 131] train=0.043963 val=0.792600 loss=1.403105 time: 70.246316
INFO:root:[Epoch 132] train=0.041913 val=0.814900 loss=1.273206 time: 70.369307
INFO:root:[Epoch 133] train=0.043471 val=0.787200 loss=1.379324 time: 70.352185
INFO:root:[Epoch 134] train=0.042627 val=0.798000 loss=1.317095 time: 70.498872
INFO:root:[Epoch 135] train=0.041957 val=0.774800 loss=1.302862 time: 70.319227
INFO:root:[Epoch 136] train=0.042392 val=0.794200 loss=1.316537 time: 70.423965
INFO:root:[Epoch 137] train=0.042455 val=0.775200 loss=1.313877 time: 70.393324
INFO:root:[Epoch 138] train=0.042050 val=0.812100 loss=1.324890 time: 70.324239
INFO:root:[Epoch 139] train=0.041761 val=0.801700 loss=1.293518 time: 70.281822
INFO:root:[Epoch 140] train=0.042765 val=0.781700 loss=1.330746 time: 70.292227
INFO:root:[Epoch 141] train=0.042242 val=0.790300 loss=1.306738 time: 70.378476
INFO:root:[Epoch 142] train=0.043095 val=0.771900 loss=1.368873 time: 70.354440
INFO:root:[Epoch 143] train=0.042633 val=0.804400 loss=1.333547 time: 70.293252
INFO:root:[Epoch 144] train=0.042453 val=0.799200 loss=1.318336 time: 70.461884
INFO:root:[Epoch 145] train=0.042170 val=0.818100 loss=1.309197 time: 70.489683
INFO:root:[Epoch 146] train=0.041539 val=0.799100 loss=1.292237 time: 70.296822
INFO:root:[Epoch 147] train=0.040583 val=0.776700 loss=1.210922 time: 70.295506
INFO:root:[Epoch 148] train=0.040776 val=0.764400 loss=1.248247 time: 70.433571
INFO:root:[Epoch 149] train=0.041624 val=0.785400 loss=1.302138 time: 70.513193
INFO:root:[Epoch 150] train=0.041806 val=0.768600 loss=1.319538 time: 70.234762
INFO:root:[Epoch 151] train=0.040773 val=0.788100 loss=1.241460 time: 70.502643
INFO:root:[Epoch 152] train=0.041346 val=0.783600 loss=1.265386 time: 70.409991
INFO:root:[Epoch 153] train=0.041089 val=0.809700 loss=1.253771 time: 70.513340
INFO:root:[Epoch 154] train=0.042962 val=0.807500 loss=1.363038 time: 70.134757
INFO:root:[Epoch 155] train=0.040927 val=0.791100 loss=1.265511 time: 70.277000
INFO:root:[Epoch 156] train=0.041379 val=0.791100 loss=1.285261 time: 70.496646
INFO:root:[Epoch 157] train=0.042661 val=0.786700 loss=1.346362 time: 70.583636
INFO:root:[Epoch 158] train=0.042059 val=0.807000 loss=1.324576 time: 70.560427
INFO:root:[Epoch 159] train=0.041588 val=0.803900 loss=1.280220 time: 70.554340
INFO:root:[Epoch 160] train=0.042043 val=0.816000 loss=1.340490 time: 70.526348
INFO:root:[Epoch 161] train=0.041421 val=0.804600 loss=1.290683 time: 70.350361
INFO:root:[Epoch 162] train=0.042257 val=0.781400 loss=1.341120 time: 70.432359
INFO:root:[Epoch 163] train=0.041639 val=0.802100 loss=1.302757 time: 70.565807
INFO:root:[Epoch 164] train=0.041847 val=0.794700 loss=1.303454 time: 70.359886
INFO:root:[Epoch 165] train=0.041213 val=0.805800 loss=1.274882 time: 70.436801
INFO:root:[Epoch 166] train=0.041611 val=0.801800 loss=1.288993 time: 70.373315
INFO:root:[Epoch 167] train=0.042096 val=0.796100 loss=1.338302 time: 70.532944
INFO:root:[Epoch 168] train=0.042143 val=0.792800 loss=1.325642 time: 70.449622
INFO:root:[Epoch 169] train=0.040907 val=0.799300 loss=1.248913 time: 70.292099
INFO:root:[Epoch 170] train=0.041184 val=0.802900 loss=1.292085 time: 70.356758
INFO:root:[Epoch 171] train=0.040490 val=0.798200 loss=1.261491 time: 70.471136
INFO:root:[Epoch 172] train=0.040692 val=0.800800 loss=1.251877 time: 70.382772
INFO:root:[Epoch 173] train=0.040499 val=0.818400 loss=1.262901 time: 70.545887
INFO:root:[Epoch 174] train=0.041490 val=0.814300 loss=1.295299 time: 70.485909
INFO:root:[Epoch 175] train=0.041258 val=0.814900 loss=1.288966 time: 70.379924
INFO:root:[Epoch 176] train=0.040138 val=0.803700 loss=1.230901 time: 70.603855
INFO:root:[Epoch 177] train=0.040185 val=0.800200 loss=1.249293 time: 70.334649
INFO:root:[Epoch 178] train=0.041668 val=0.797500 loss=1.303250 time: 70.306510
INFO:root:[Epoch 179] train=0.041437 val=0.811700 loss=1.313297 time: 70.468017
INFO:root:[Epoch 180] train=0.040751 val=0.819200 loss=1.289221 time: 70.674941
INFO:root:[Epoch 181] train=0.041291 val=0.802500 loss=1.304194 time: 70.524119
INFO:root:[Epoch 182] train=0.042049 val=0.786200 loss=1.337102 time: 70.394351
INFO:root:[Epoch 183] train=0.041019 val=0.804100 loss=1.282485 time: 70.550011
INFO:root:[Epoch 184] train=0.041937 val=0.782000 loss=1.332787 time: 70.587802
INFO:root:[Epoch 185] train=0.041358 val=0.803600 loss=1.294012 time: 70.426595
INFO:root:[Epoch 186] train=0.040075 val=0.801900 loss=1.219362 time: 70.420958
INFO:root:[Epoch 187] train=0.040499 val=0.814300 loss=1.253647 time: 70.666272
INFO:root:[Epoch 188] train=0.040557 val=0.790300 loss=1.258364 time: 70.530585
INFO:root:[Epoch 189] train=0.040647 val=0.818000 loss=1.276924 time: 70.613275
INFO:root:[Epoch 190] train=0.041123 val=0.804900 loss=1.287578 time: 70.529243
INFO:root:[Epoch 191] train=0.040723 val=0.806600 loss=1.273672 time: 70.556794
INFO:root:[Epoch 192] train=0.040616 val=0.802900 loss=1.250463 time: 70.565750
INFO:root:[Epoch 193] train=0.040863 val=0.810700 loss=1.283468 time: 70.410495
INFO:root:[Epoch 194] train=0.040526 val=0.823500 loss=1.257562 time: 70.421980
INFO:root:[Epoch 195] train=0.040500 val=0.777400 loss=1.255872 time: 70.438435
INFO:root:[Epoch 196] train=0.040806 val=0.786900 loss=1.291768 time: 70.290644
INFO:root:[Epoch 197] train=0.040586 val=0.796200 loss=1.256979 time: 70.396140
INFO:root:[Epoch 198] train=0.040515 val=0.815100 loss=1.277805 time: 70.293512
INFO:root:[Epoch 199] train=0.040654 val=0.805700 loss=1.271578 time: 70.473782
INFO:root:[Epoch 200] train=0.041971 val=0.801800 loss=1.315562 time: 70.577668
INFO:root:[Epoch 201] train=0.040181 val=0.794300 loss=1.254333 time: 70.495377
INFO:root:[Epoch 202] train=0.041037 val=0.805900 loss=1.288720 time: 70.498846
INFO:root:[Epoch 203] train=0.040740 val=0.805900 loss=1.278399 time: 70.471678
INFO:root:[Epoch 204] train=0.039469 val=0.808600 loss=1.202175 time: 70.564875
INFO:root:[Epoch 205] train=0.040315 val=0.803900 loss=1.220477 time: 70.429979
INFO:root:[Epoch 206] train=0.039352 val=0.802800 loss=1.202205 time: 70.355902
INFO:root:[Epoch 207] train=0.040262 val=0.812100 loss=1.236563 time: 70.381292
INFO:root:[Epoch 208] train=0.042059 val=0.803400 loss=1.338852 time: 70.524174
INFO:root:[Epoch 209] train=0.040023 val=0.801600 loss=1.273812 time: 70.438042
INFO:root:[Epoch 210] train=0.040993 val=0.815800 loss=1.307138 time: 70.424038
INFO:root:[Epoch 211] train=0.040684 val=0.788700 loss=1.287058 time: 70.576422
INFO:root:[Epoch 212] train=0.040843 val=0.802100 loss=1.279466 time: 70.470117
INFO:root:[Epoch 213] train=0.040866 val=0.800900 loss=1.291441 time: 70.397475
INFO:root:[Epoch 214] train=0.039452 val=0.783800 loss=1.214844 time: 70.252760
INFO:root:[Epoch 215] train=0.040885 val=0.817200 loss=1.304643 time: 70.565368
INFO:root:[Epoch 216] train=0.041965 val=0.773600 loss=1.344854 time: 70.571790
INFO:root:[Epoch 217] train=0.040311 val=0.818200 loss=1.266264 time: 70.422518
INFO:root:[Epoch 218] train=0.040714 val=0.806500 loss=1.291919 time: 70.431746
INFO:root:[Epoch 219] train=0.041162 val=0.781900 loss=1.322659 time: 70.419098
INFO:root:[Epoch 220] train=0.040885 val=0.782700 loss=1.304504 time: 70.559579
INFO:root:[Epoch 221] train=0.040932 val=0.798600 loss=1.295023 time: 70.495332
INFO:root:[Epoch 222] train=0.039704 val=0.789800 loss=1.255967 time: 70.513757
INFO:root:[Epoch 223] train=0.040855 val=0.810500 loss=1.273746 time: 70.444706
INFO:root:[Epoch 224] train=0.041408 val=0.791100 loss=1.313043 time: 70.460081
INFO:root:[Epoch 225] train=0.040528 val=0.791300 loss=1.258577 time: 70.561101
INFO:root:[Epoch 226] train=0.039414 val=0.811000 loss=1.221567 time: 70.431483
INFO:root:[Epoch 227] train=0.039540 val=0.804800 loss=1.224409 time: 70.443321
INFO:root:[Epoch 228] train=0.039838 val=0.807000 loss=1.249804 time: 70.341036
INFO:root:[Epoch 229] train=0.039631 val=0.811900 loss=1.243664 time: 70.443512
INFO:root:[Epoch 230] train=0.039360 val=0.803200 loss=1.219953 time: 70.608833
INFO:root:[Epoch 231] train=0.040401 val=0.800100 loss=1.277477 time: 70.594456
INFO:root:[Epoch 232] train=0.040191 val=0.817200 loss=1.273225 time: 70.543670
INFO:root:[Epoch 233] train=0.040838 val=0.812600 loss=1.269969 time: 70.304756
INFO:root:[Epoch 234] train=0.039796 val=0.819000 loss=1.237505 time: 70.680292
INFO:root:[Epoch 235] train=0.040536 val=0.815200 loss=1.277917 time: 70.430084
INFO:root:[Epoch 236] train=0.040741 val=0.790000 loss=1.287487 time: 70.225293
INFO:root:[Epoch 237] train=0.039363 val=0.804100 loss=1.223727 time: 70.389037
INFO:root:[Epoch 238] train=0.040035 val=0.797900 loss=1.249116 time: 70.473145
INFO:root:[Epoch 239] train=0.040633 val=0.816900 loss=1.276725 time: 70.360058
INFO:root:[Epoch 240] train=0.040248 val=0.809700 loss=1.264160 time: 70.438896
INFO:root:[Epoch 241] train=0.039283 val=0.799600 loss=1.231098 time: 70.509368
INFO:root:[Epoch 242] train=0.040111 val=0.805900 loss=1.283411 time: 70.414894
INFO:root:[Epoch 243] train=0.040967 val=0.818000 loss=1.300023 time: 70.493187
INFO:root:[Epoch 244] train=0.040483 val=0.770100 loss=1.274005 time: 70.424310
INFO:root:[Epoch 245] train=0.039755 val=0.806800 loss=1.256356 time: 70.472434
INFO:root:[Epoch 246] train=0.038808 val=0.821000 loss=1.202917 time: 70.646753
INFO:root:[Epoch 247] train=0.040516 val=0.804100 loss=1.278519 time: 70.534589
INFO:root:[Epoch 248] train=0.040725 val=0.781300 loss=1.303049 time: 70.467488
INFO:root:[Epoch 249] train=0.039962 val=0.823700 loss=1.251910 time: 70.679229
INFO:root:[Epoch 250] train=0.039715 val=0.800700 loss=1.241255 time: 70.673521
INFO:root:[Epoch 251] train=0.039116 val=0.808500 loss=1.222806 time: 70.604134
INFO:root:[Epoch 252] train=0.039817 val=0.825600 loss=1.263860 time: 70.611683
INFO:root:[Epoch 253] train=0.040070 val=0.807300 loss=1.259130 time: 70.169091
INFO:root:[Epoch 254] train=0.039836 val=0.788300 loss=1.253768 time: 70.296687
INFO:root:[Epoch 255] train=0.040311 val=0.815100 loss=1.264524 time: 70.428410
INFO:root:[Epoch 256] train=0.038989 val=0.816400 loss=1.213183 time: 70.389869
INFO:root:[Epoch 257] train=0.039413 val=0.809800 loss=1.233370 time: 70.506947
INFO:root:[Epoch 258] train=0.039083 val=0.827700 loss=1.226657 time: 70.472196
INFO:root:[Epoch 259] train=0.039896 val=0.816700 loss=1.244501 time: 70.479896
INFO:root:[Epoch 260] train=0.040773 val=0.792100 loss=1.305338 time: 70.490336
INFO:root:[Epoch 261] train=0.040847 val=0.808700 loss=1.309394 time: 70.411658
INFO:root:[Epoch 262] train=0.040114 val=0.814500 loss=1.274941 time: 70.541200
INFO:root:[Epoch 263] train=0.040454 val=0.811700 loss=1.288802 time: 70.570231
INFO:root:[Epoch 264] train=0.041344 val=0.813400 loss=1.322888 time: 70.304653
INFO:root:[Epoch 265] train=0.040768 val=0.815000 loss=1.285284 time: 70.363472
INFO:root:[Epoch 266] train=0.040476 val=0.800200 loss=1.278254 time: 70.428459
INFO:root:[Epoch 267] train=0.039539 val=0.803300 loss=1.250782 time: 70.298631
INFO:root:[Epoch 268] train=0.039361 val=0.793400 loss=1.227725 time: 70.419861
INFO:root:[Epoch 269] train=0.039624 val=0.795300 loss=1.237621 time: 70.358648
INFO:root:[Epoch 270] train=0.039913 val=0.805000 loss=1.255906 time: 70.547569
INFO:root:[Epoch 271] train=0.039719 val=0.796400 loss=1.246757 time: 70.412271
INFO:root:[Epoch 272] train=0.038482 val=0.808000 loss=1.175120 time: 70.489527
INFO:root:[Epoch 273] train=0.040168 val=0.825500 loss=1.269955 time: 70.519309
INFO:root:[Epoch 274] train=0.039801 val=0.805000 loss=1.241096 time: 70.352401
INFO:root:[Epoch 275] train=0.039810 val=0.820800 loss=1.241115 time: 70.200003
INFO:root:[Epoch 276] train=0.040012 val=0.816500 loss=1.258031 time: 70.329108
INFO:root:[Epoch 277] train=0.038828 val=0.810700 loss=1.214029 time: 70.291086
INFO:root:[Epoch 278] train=0.039995 val=0.789700 loss=1.271023 time: 70.501076
INFO:root:[Epoch 279] train=0.040032 val=0.810300 loss=1.242013 time: 70.242535
INFO:root:[Epoch 280] train=0.039981 val=0.809100 loss=1.257048 time: 70.505968
INFO:root:[Epoch 281] train=0.039068 val=0.811300 loss=1.206880 time: 70.549221
INFO:root:[Epoch 282] train=0.040539 val=0.815000 loss=1.277687 time: 70.507061
INFO:root:[Epoch 283] train=0.039745 val=0.809900 loss=1.259286 time: 70.598933
INFO:root:[Epoch 284] train=0.040470 val=0.819800 loss=1.291850 time: 70.558018
INFO:root:[Epoch 285] train=0.038870 val=0.813100 loss=1.218861 time: 70.319581
INFO:root:[Epoch 286] train=0.039185 val=0.806200 loss=1.245055 time: 70.366213
INFO:root:[Epoch 287] train=0.038432 val=0.801000 loss=1.178124 time: 70.483429
INFO:root:[Epoch 288] train=0.039641 val=0.807200 loss=1.247631 time: 70.459975
INFO:root:[Epoch 289] train=0.039694 val=0.784300 loss=1.243958 time: 70.424174
INFO:root:[Epoch 290] train=0.039815 val=0.807600 loss=1.263645 time: 70.400678
INFO:root:[Epoch 291] train=0.040401 val=0.823600 loss=1.291260 time: 70.540683
INFO:root:[Epoch 292] train=0.039463 val=0.799100 loss=1.259569 time: 70.297655
INFO:root:[Epoch 293] train=0.039691 val=0.786900 loss=1.241860 time: 70.281783
INFO:root:[Epoch 294] train=0.040390 val=0.818900 loss=1.295563 time: 70.495623
INFO:root:[Epoch 295] train=0.039167 val=0.824800 loss=1.235557 time: 70.449108
INFO:root:[Epoch 296] train=0.039700 val=0.801500 loss=1.263054 time: 70.453931
INFO:root:[Epoch 297] train=0.040098 val=0.794000 loss=1.259199 time: 70.405671
INFO:root:[Epoch 298] train=0.039173 val=0.803300 loss=1.223675 time: 70.484977
INFO:root:[Epoch 299] train=0.039634 val=0.820000 loss=1.261282 time: 70.431082
INFO:root:[Epoch 300] train=0.034812 val=0.866600 loss=1.120308 time: 70.428379
INFO:root:[Epoch 301] train=0.033008 val=0.870500 loss=1.119799 time: 70.389343
INFO:root:[Epoch 302] train=0.030690 val=0.868900 loss=1.069067 time: 70.582062
INFO:root:[Epoch 303] train=0.030532 val=0.874200 loss=1.058716 time: 70.572520
INFO:root:[Epoch 304] train=0.028999 val=0.883200 loss=1.009888 time: 70.570589
INFO:root:[Epoch 305] train=0.030014 val=0.871900 loss=1.064218 time: 70.445140
INFO:root:[Epoch 306] train=0.030074 val=0.872000 loss=1.056768 time: 70.508366
INFO:root:[Epoch 307] train=0.029688 val=0.881500 loss=1.045162 time: 70.424805
INFO:root:[Epoch 308] train=0.029836 val=0.875000 loss=1.049921 time: 70.316687
INFO:root:[Epoch 309] train=0.028411 val=0.876700 loss=1.003781 time: 70.321558
INFO:root:[Epoch 310] train=0.029406 val=0.881400 loss=1.042472 time: 70.442281
INFO:root:[Epoch 311] train=0.028175 val=0.878500 loss=0.996125 time: 70.521521
INFO:root:[Epoch 312] train=0.029358 val=0.881900 loss=1.046402 time: 70.373784
INFO:root:[Epoch 313] train=0.027370 val=0.880700 loss=0.983927 time: 70.420248
INFO:root:[Epoch 314] train=0.028854 val=0.878500 loss=1.031540 time: 70.321032
INFO:root:[Epoch 315] train=0.027308 val=0.871900 loss=0.979274 time: 70.547482
INFO:root:[Epoch 316] train=0.028638 val=0.878900 loss=1.030299 time: 70.516758
INFO:root:[Epoch 317] train=0.028316 val=0.882600 loss=1.012833 time: 70.589813
INFO:root:[Epoch 318] train=0.026889 val=0.877600 loss=0.973267 time: 70.461417
INFO:root:[Epoch 319] train=0.026793 val=0.879500 loss=0.967526 time: 70.642127
INFO:root:[Epoch 320] train=0.027509 val=0.878000 loss=0.996790 time: 70.461604
INFO:root:[Epoch 321] train=0.028412 val=0.883700 loss=1.010869 time: 70.669353
INFO:root:[Epoch 322] train=0.028342 val=0.877400 loss=1.011277 time: 70.659445
INFO:root:[Epoch 323] train=0.028363 val=0.877000 loss=1.008840 time: 70.711437
INFO:root:[Epoch 324] train=0.028439 val=0.873600 loss=1.008736 time: 70.742662
INFO:root:[Epoch 325] train=0.027968 val=0.876400 loss=1.000245 time: 70.514691
INFO:root:[Epoch 326] train=0.026459 val=0.880500 loss=0.957481 time: 70.612015
INFO:root:[Epoch 327] train=0.028217 val=0.881000 loss=1.017186 time: 70.630544
INFO:root:[Epoch 328] train=0.027832 val=0.875100 loss=1.000852 time: 70.453709
INFO:root:[Epoch 329] train=0.026458 val=0.878500 loss=0.945764 time: 70.574101
INFO:root:[Epoch 330] train=0.026753 val=0.876200 loss=0.966601 time: 70.645963
INFO:root:[Epoch 331] train=0.027101 val=0.877300 loss=0.973971 time: 70.516747
INFO:root:[Epoch 332] train=0.026990 val=0.879700 loss=0.969134 time: 70.515382
INFO:root:[Epoch 333] train=0.025884 val=0.877400 loss=0.938343 time: 70.300055
INFO:root:[Epoch 334] train=0.027643 val=0.879000 loss=0.992886 time: 70.465351
INFO:root:[Epoch 335] train=0.026038 val=0.879400 loss=0.950198 time: 70.632618
INFO:root:[Epoch 336] train=0.026053 val=0.885400 loss=0.944672 time: 70.869656
INFO:root:[Epoch 337] train=0.027358 val=0.873000 loss=0.993513 time: 70.676569
INFO:root:[Epoch 338] train=0.027545 val=0.879900 loss=0.987862 time: 70.748248
INFO:root:[Epoch 339] train=0.027109 val=0.877700 loss=0.978304 time: 70.688214
INFO:root:[Epoch 340] train=0.026892 val=0.875600 loss=0.972639 time: 70.680963
INFO:root:[Epoch 341] train=0.025895 val=0.883600 loss=0.937195 time: 70.550098
INFO:root:[Epoch 342] train=0.027264 val=0.879800 loss=0.987035 time: 70.532302
INFO:root:[Epoch 343] train=0.024400 val=0.880200 loss=0.883227 time: 70.637236
INFO:root:[Epoch 344] train=0.026964 val=0.877600 loss=0.969748 time: 70.524262
INFO:root:[Epoch 345] train=0.024951 val=0.883700 loss=0.921352 time: 70.574456
INFO:root:[Epoch 346] train=0.026244 val=0.880300 loss=0.942791 time: 70.544186
INFO:root:[Epoch 347] train=0.026193 val=0.880700 loss=0.942365 time: 70.670096
INFO:root:[Epoch 348] train=0.026259 val=0.879300 loss=0.944338 time: 70.767483
INFO:root:[Epoch 349] train=0.029493 val=0.877900 loss=1.043355 time: 70.703066
INFO:root:[Epoch 350] train=0.026948 val=0.876600 loss=0.967846 time: 70.663172
INFO:root:[Epoch 351] train=0.027221 val=0.880500 loss=0.975774 time: 70.751625
INFO:root:[Epoch 352] train=0.024483 val=0.877100 loss=0.894064 time: 70.646207
INFO:root:[Epoch 353] train=0.025919 val=0.879300 loss=0.939516 time: 70.768596
INFO:root:[Epoch 354] train=0.025212 val=0.879200 loss=0.924632 time: 70.720129
INFO:root:[Epoch 355] train=0.027111 val=0.880200 loss=0.973343 time: 70.790349
INFO:root:[Epoch 356] train=0.026314 val=0.878400 loss=0.956843 time: 70.631173
INFO:root:[Epoch 357] train=0.025985 val=0.875400 loss=0.940180 time: 70.733944
INFO:root:[Epoch 358] train=0.026216 val=0.876800 loss=0.945677 time: 70.784292
INFO:root:[Epoch 359] train=0.026398 val=0.878800 loss=0.958261 time: 70.940210
INFO:root:[Epoch 360] train=0.026454 val=0.877400 loss=0.956943 time: 70.503345
INFO:root:[Epoch 361] train=0.027073 val=0.876400 loss=0.970589 time: 70.615340
INFO:root:[Epoch 362] train=0.026078 val=0.878400 loss=0.935504 time: 70.785845
INFO:root:[Epoch 363] train=0.026566 val=0.875900 loss=0.955492 time: 70.445858
INFO:root:[Epoch 364] train=0.025896 val=0.877000 loss=0.932597 time: 70.463426
INFO:root:[Epoch 365] train=0.026758 val=0.872300 loss=0.965970 time: 70.639765
INFO:root:[Epoch 366] train=0.024606 val=0.873800 loss=0.896614 time: 70.719650
INFO:root:[Epoch 367] train=0.027069 val=0.869600 loss=0.976290 time: 70.442403
INFO:root:[Epoch 368] train=0.025982 val=0.875900 loss=0.934295 time: 70.633027
INFO:root:[Epoch 369] train=0.026388 val=0.875500 loss=0.956652 time: 70.476898
INFO:root:[Epoch 370] train=0.026573 val=0.876400 loss=0.962070 time: 70.580851
INFO:root:[Epoch 371] train=0.027120 val=0.872700 loss=0.974077 time: 70.535988
INFO:root:[Epoch 372] train=0.026370 val=0.878900 loss=0.951390 time: 70.421782
INFO:root:[Epoch 373] train=0.026618 val=0.876200 loss=0.962200 time: 70.692815
INFO:root:[Epoch 374] train=0.023995 val=0.880200 loss=0.885358 time: 70.542099
INFO:root:[Epoch 375] train=0.026315 val=0.871900 loss=0.945164 time: 70.786251
INFO:root:[Epoch 376] train=0.026148 val=0.876800 loss=0.946203 time: 70.402863
INFO:root:[Epoch 377] train=0.028119 val=0.873200 loss=0.999277 time: 70.557661
INFO:root:[Epoch 378] train=0.024766 val=0.872200 loss=0.899851 time: 70.832313
INFO:root:[Epoch 379] train=0.025721 val=0.871800 loss=0.940272 time: 70.655745
INFO:root:[Epoch 380] train=0.026040 val=0.875600 loss=0.948972 time: 70.553339
INFO:root:[Epoch 381] train=0.025530 val=0.877400 loss=0.926688 time: 70.703332
INFO:root:[Epoch 382] train=0.024851 val=0.878700 loss=0.903861 time: 70.604311
INFO:root:[Epoch 383] train=0.024457 val=0.874300 loss=0.892209 time: 70.470973
INFO:root:[Epoch 384] train=0.024995 val=0.878400 loss=0.911675 time: 70.529924
INFO:root:[Epoch 385] train=0.026509 val=0.879500 loss=0.947444 time: 70.674087
INFO:root:[Epoch 386] train=0.027378 val=0.876100 loss=0.990007 time: 70.684616
INFO:root:[Epoch 387] train=0.025972 val=0.884200 loss=0.931190 time: 70.627898
INFO:root:[Epoch 388] train=0.025445 val=0.876700 loss=0.929896 time: 70.871866
INFO:root:[Epoch 389] train=0.024215 val=0.878900 loss=0.878090 time: 70.641773
INFO:root:[Epoch 390] train=0.024593 val=0.875900 loss=0.893392 time: 70.639507
INFO:root:[Epoch 391] train=0.025998 val=0.874600 loss=0.941893 time: 70.748823
INFO:root:[Epoch 392] train=0.027268 val=0.869100 loss=0.975611 time: 70.771577
INFO:root:[Epoch 393] train=0.025376 val=0.881400 loss=0.921745 time: 70.590954
INFO:root:[Epoch 394] train=0.026054 val=0.874500 loss=0.946423 time: 70.506888
INFO:root:[Epoch 395] train=0.025939 val=0.883900 loss=0.934904 time: 70.760360
INFO:root:[Epoch 396] train=0.026852 val=0.874100 loss=0.963619 time: 70.797200
INFO:root:[Epoch 397] train=0.025944 val=0.874100 loss=0.944466 time: 70.664623
INFO:root:[Epoch 398] train=0.026991 val=0.871200 loss=0.964210 time: 70.748669
INFO:root:[Epoch 399] train=0.025510 val=0.878600 loss=0.919263 time: 70.717847
INFO:root:[Epoch 400] train=0.025746 val=0.873600 loss=0.936370 time: 70.594561
INFO:root:[Epoch 401] train=0.025712 val=0.877400 loss=0.925494 time: 70.732395
INFO:root:[Epoch 402] train=0.026628 val=0.878700 loss=0.951213 time: 70.614668
INFO:root:[Epoch 403] train=0.027118 val=0.874600 loss=0.980013 time: 70.755984
INFO:root:[Epoch 404] train=0.025470 val=0.874700 loss=0.918841 time: 70.771493
INFO:root:[Epoch 405] train=0.027218 val=0.873800 loss=0.974042 time: 70.626963
INFO:root:[Epoch 406] train=0.025963 val=0.871500 loss=0.929006 time: 70.716278
INFO:root:[Epoch 407] train=0.026354 val=0.870000 loss=0.947920 time: 70.929677
INFO:root:[Epoch 408] train=0.025454 val=0.879400 loss=0.924172 time: 70.803831
INFO:root:[Epoch 409] train=0.026409 val=0.869100 loss=0.948058 time: 70.568650
INFO:root:[Epoch 410] train=0.026439 val=0.867000 loss=0.947048 time: 70.791064
INFO:root:[Epoch 411] train=0.025498 val=0.876300 loss=0.923343 time: 70.606618
INFO:root:[Epoch 412] train=0.026834 val=0.873400 loss=0.949161 time: 70.634478
INFO:root:[Epoch 413] train=0.026519 val=0.864500 loss=0.943824 time: 70.759270
INFO:root:[Epoch 414] train=0.024865 val=0.877900 loss=0.906431 time: 70.696873
INFO:root:[Epoch 415] train=0.024817 val=0.877900 loss=0.907623 time: 70.754035
INFO:root:[Epoch 416] train=0.024443 val=0.871900 loss=0.881912 time: 70.720141
INFO:root:[Epoch 417] train=0.024754 val=0.868700 loss=0.905059 time: 70.555907
INFO:root:[Epoch 418] train=0.027102 val=0.875900 loss=0.971501 time: 70.699524
INFO:root:[Epoch 419] train=0.025688 val=0.873000 loss=0.929518 time: 70.728769
INFO:root:[Epoch 420] train=0.023604 val=0.870800 loss=0.867320 time: 70.817200
INFO:root:[Epoch 421] train=0.024571 val=0.872200 loss=0.886149 time: 70.566657
INFO:root:[Epoch 422] train=0.026858 val=0.865500 loss=0.963047 time: 70.801018
INFO:root:[Epoch 423] train=0.024986 val=0.872800 loss=0.905540 time: 70.888271
INFO:root:[Epoch 424] train=0.025749 val=0.873800 loss=0.926625 time: 70.859022
INFO:root:[Epoch 425] train=0.026258 val=0.866100 loss=0.956375 time: 70.879809
INFO:root:[Epoch 426] train=0.025684 val=0.873500 loss=0.927803 time: 70.896282
INFO:root:[Epoch 427] train=0.027538 val=0.870400 loss=0.988295 time: 70.689573
INFO:root:[Epoch 428] train=0.027760 val=0.876200 loss=0.990199 time: 70.799194
INFO:root:[Epoch 429] train=0.026945 val=0.865000 loss=0.969390 time: 70.816086
INFO:root:[Epoch 430] train=0.025490 val=0.870700 loss=0.917093 time: 70.854288
INFO:root:[Epoch 431] train=0.024819 val=0.869700 loss=0.896766 time: 70.924303
INFO:root:[Epoch 432] train=0.024575 val=0.872000 loss=0.893808 time: 70.676553
INFO:root:[Epoch 433] train=0.024635 val=0.873100 loss=0.898941 time: 70.631546
INFO:root:[Epoch 434] train=0.025404 val=0.869400 loss=0.921120 time: 70.642115
INFO:root:[Epoch 435] train=0.025891 val=0.869800 loss=0.940009 time: 70.663976
INFO:root:[Epoch 436] train=0.024730 val=0.876200 loss=0.890552 time: 70.724464
INFO:root:[Epoch 437] train=0.025433 val=0.872700 loss=0.917641 time: 70.829787
INFO:root:[Epoch 438] train=0.026653 val=0.871300 loss=0.952434 time: 70.580474
INFO:root:[Epoch 439] train=0.025349 val=0.869300 loss=0.913029 time: 70.719165
INFO:root:[Epoch 440] train=0.025296 val=0.870000 loss=0.907489 time: 70.970309
INFO:root:[Epoch 441] train=0.026575 val=0.875000 loss=0.940907 time: 70.678975
INFO:root:[Epoch 442] train=0.024890 val=0.870800 loss=0.901221 time: 70.605557
INFO:root:[Epoch 443] train=0.027296 val=0.865900 loss=0.978404 time: 70.616186
INFO:root:[Epoch 444] train=0.024776 val=0.878300 loss=0.894226 time: 70.771519
INFO:root:[Epoch 445] train=0.026160 val=0.861500 loss=0.933208 time: 70.709574
INFO:root:[Epoch 446] train=0.026284 val=0.870800 loss=0.933430 time: 70.636981
INFO:root:[Epoch 447] train=0.026131 val=0.873000 loss=0.940768 time: 70.661722
INFO:root:[Epoch 448] train=0.024131 val=0.867900 loss=0.879675 time: 70.603904
INFO:root:[Epoch 449] train=0.025349 val=0.865000 loss=0.915900 time: 70.695731
INFO:root:[Epoch 450] train=0.024551 val=0.878600 loss=0.903042 time: 70.620134
INFO:root:[Epoch 451] train=0.025056 val=0.882900 loss=0.915111 time: 70.737470
INFO:root:[Epoch 452] train=0.023298 val=0.883000 loss=0.863956 time: 70.906138
INFO:root:[Epoch 453] train=0.023622 val=0.886200 loss=0.873107 time: 70.972409
INFO:root:[Epoch 454] train=0.023979 val=0.883000 loss=0.881254 time: 70.694622
INFO:root:[Epoch 455] train=0.024348 val=0.882700 loss=0.895484 time: 70.875482
INFO:root:[Epoch 456] train=0.025311 val=0.881800 loss=0.919823 time: 70.970805
INFO:root:[Epoch 457] train=0.024792 val=0.886000 loss=0.908543 time: 70.778069
INFO:root:[Epoch 458] train=0.024276 val=0.878000 loss=0.886854 time: 70.902288
INFO:root:[Epoch 459] train=0.023709 val=0.881800 loss=0.879333 time: 70.675766
INFO:root:[Epoch 460] train=0.024884 val=0.885200 loss=0.907747 time: 70.852434
INFO:root:[Epoch 461] train=0.023718 val=0.882900 loss=0.881561 time: 70.941219
INFO:root:[Epoch 462] train=0.024257 val=0.886800 loss=0.891781 time: 70.709637
INFO:root:[Epoch 463] train=0.022471 val=0.883700 loss=0.841574 time: 70.798405
INFO:root:[Epoch 464] train=0.021701 val=0.884000 loss=0.815601 time: 70.861869
INFO:root:[Epoch 465] train=0.022624 val=0.885800 loss=0.843019 time: 70.712460
INFO:root:[Epoch 466] train=0.024130 val=0.885700 loss=0.891664 time: 70.815333
INFO:root:[Epoch 467] train=0.025353 val=0.890200 loss=0.917241 time: 70.809500
INFO:root:[Epoch 468] train=0.021829 val=0.886200 loss=0.817299 time: 70.680606
INFO:root:[Epoch 469] train=0.022834 val=0.890200 loss=0.840918 time: 70.863256
INFO:root:[Epoch 470] train=0.023412 val=0.884100 loss=0.870116 time: 70.508108
INFO:root:[Epoch 471] train=0.023655 val=0.886600 loss=0.871776 time: 70.577337
INFO:root:[Epoch 472] train=0.022416 val=0.888000 loss=0.844441 time: 70.614681
INFO:root:[Epoch 473] train=0.022527 val=0.887200 loss=0.845346 time: 70.882269
INFO:root:[Epoch 474] train=0.023055 val=0.886700 loss=0.847565 time: 70.773254
INFO:root:[Epoch 475] train=0.022766 val=0.884400 loss=0.844969 time: 70.747293
INFO:root:[Epoch 476] train=0.023999 val=0.886800 loss=0.891953 time: 70.784374
INFO:root:[Epoch 477] train=0.023392 val=0.883600 loss=0.873011 time: 70.715674
INFO:root:[Epoch 478] train=0.021838 val=0.887700 loss=0.822035 time: 70.729943
INFO:root:[Epoch 479] train=0.023966 val=0.877000 loss=0.881534 time: 70.838298
INFO:root:[Epoch 480] train=0.023950 val=0.889500 loss=0.882487 time: 70.672934
INFO:root:[Epoch 481] train=0.024271 val=0.881200 loss=0.896301 time: 70.652599
INFO:root:[Epoch 482] train=0.023313 val=0.883300 loss=0.859951 time: 70.879473
INFO:root:[Epoch 483] train=0.024350 val=0.888900 loss=0.894235 time: 70.955307
INFO:root:[Epoch 484] train=0.021593 val=0.885800 loss=0.811001 time: 70.985123
INFO:root:[Epoch 485] train=0.021522 val=0.888400 loss=0.813281 time: 71.004229
INFO:root:[Epoch 486] train=0.022787 val=0.888000 loss=0.853756 time: 70.874951
INFO:root:[Epoch 487] train=0.022566 val=0.884000 loss=0.841493 time: 70.917708
INFO:root:[Epoch 488] train=0.022321 val=0.886400 loss=0.834748 time: 70.809262
INFO:root:[Epoch 489] train=0.022599 val=0.886500 loss=0.842263 time: 70.927302
INFO:root:[Epoch 490] train=0.021858 val=0.888100 loss=0.818753 time: 70.816498
INFO:root:[Epoch 491] train=0.022795 val=0.885700 loss=0.840061 time: 70.811350
INFO:root:[Epoch 492] train=0.021808 val=0.885100 loss=0.820089 time: 70.818598
INFO:root:[Epoch 493] train=0.022250 val=0.890100 loss=0.826820 time: 70.831220
INFO:root:[Epoch 494] train=0.021314 val=0.886300 loss=0.803280 time: 70.786130
INFO:root:[Epoch 495] train=0.023844 val=0.881300 loss=0.875169 time: 71.070616
INFO:root:[Epoch 496] train=0.023565 val=0.890900 loss=0.868058 time: 71.152858
INFO:root:[Epoch 497] train=0.022983 val=0.888100 loss=0.849860 time: 71.087056
INFO:root:[Epoch 498] train=0.023622 val=0.885900 loss=0.872929 time: 70.828257
INFO:root:[Epoch 499] train=0.022535 val=0.881500 loss=0.849868 time: 70.979870
INFO:root:[Epoch 500] train=0.023309 val=0.885700 loss=0.859063 time: 70.774166
INFO:root:[Epoch 501] train=0.023393 val=0.885700 loss=0.857301 time: 70.977795
INFO:root:[Epoch 502] train=0.024172 val=0.882600 loss=0.891427 time: 70.874423
INFO:root:[Epoch 503] train=0.022345 val=0.885500 loss=0.831461 time: 70.811535
INFO:root:[Epoch 504] train=0.021479 val=0.884800 loss=0.804997 time: 70.744765
INFO:root:[Epoch 505] train=0.023391 val=0.876000 loss=0.866531 time: 70.981442
INFO:root:[Epoch 506] train=0.022810 val=0.886000 loss=0.849846 time: 70.950611
INFO:root:[Epoch 507] train=0.022494 val=0.888300 loss=0.834402 time: 70.939314
INFO:root:[Epoch 508] train=0.022332 val=0.881900 loss=0.829566 time: 70.986663
INFO:root:[Epoch 509] train=0.023073 val=0.886500 loss=0.852581 time: 71.171706
INFO:root:[Epoch 510] train=0.022879 val=0.879500 loss=0.848961 time: 70.910887
INFO:root:[Epoch 511] train=0.022214 val=0.886300 loss=0.827510 time: 71.067950
INFO:root:[Epoch 512] train=0.022432 val=0.884400 loss=0.837312 time: 71.086063
INFO:root:[Epoch 513] train=0.022911 val=0.881400 loss=0.851710 time: 71.153857
INFO:root:[Epoch 514] train=0.022905 val=0.879600 loss=0.849876 time: 70.894608
INFO:root:[Epoch 515] train=0.023175 val=0.880800 loss=0.858416 time: 70.918306
INFO:root:[Epoch 516] train=0.022859 val=0.888500 loss=0.847053 time: 71.137101
INFO:root:[Epoch 517] train=0.020984 val=0.887100 loss=0.796159 time: 71.057693
INFO:root:[Epoch 518] train=0.022191 val=0.884800 loss=0.825709 time: 71.169448
INFO:root:[Epoch 519] train=0.022773 val=0.888000 loss=0.842012 time: 70.944056
INFO:root:[Epoch 520] train=0.022643 val=0.883800 loss=0.843110 time: 70.888970
INFO:root:[Epoch 521] train=0.021968 val=0.886600 loss=0.827274 time: 70.911123
INFO:root:[Epoch 522] train=0.022490 val=0.883500 loss=0.833876 time: 71.037127
INFO:root:[Epoch 523] train=0.021978 val=0.888100 loss=0.829535 time: 71.078236
INFO:root:[Epoch 524] train=0.022146 val=0.888500 loss=0.828481 time: 70.908303
INFO:root:[Epoch 525] train=0.023502 val=0.883600 loss=0.857713 time: 70.903148
INFO:root:[Epoch 526] train=0.021526 val=0.889800 loss=0.810628 time: 71.101705
INFO:root:[Epoch 527] train=0.021812 val=0.885100 loss=0.816927 time: 70.950447
INFO:root:[Epoch 528] train=0.022460 val=0.883700 loss=0.831402 time: 70.856465
INFO:root:[Epoch 529] train=0.021349 val=0.885700 loss=0.807146 time: 70.930219
INFO:root:[Epoch 530] train=0.023190 val=0.881700 loss=0.854804 time: 70.903121
INFO:root:[Epoch 531] train=0.021634 val=0.888700 loss=0.815642 time: 71.047732
INFO:root:[Epoch 532] train=0.021749 val=0.883700 loss=0.823969 time: 71.064041
INFO:root:[Epoch 533] train=0.023861 val=0.881900 loss=0.876365 time: 71.148051
INFO:root:[Epoch 534] train=0.021440 val=0.885800 loss=0.810430 time: 71.197336
INFO:root:[Epoch 535] train=0.022621 val=0.885800 loss=0.846477 time: 70.994458
INFO:root:[Epoch 536] train=0.022950 val=0.881700 loss=0.857653 time: 71.158881
INFO:root:[Epoch 537] train=0.022291 val=0.884000 loss=0.833661 time: 71.236959
INFO:root:[Epoch 538] train=0.022627 val=0.887600 loss=0.836604 time: 71.201947
INFO:root:[Epoch 539] train=0.022881 val=0.880500 loss=0.848856 time: 71.160550
INFO:root:[Epoch 540] train=0.022376 val=0.886700 loss=0.832201 time: 71.128038
INFO:root:[Epoch 541] train=0.021113 val=0.885700 loss=0.792073 time: 70.841209
INFO:root:[Epoch 542] train=0.024127 val=0.882600 loss=0.875517 time: 70.964733
INFO:root:[Epoch 543] train=0.023774 val=0.880400 loss=0.876842 time: 70.838216
INFO:root:[Epoch 544] train=0.024472 val=0.882700 loss=0.893762 time: 70.885362
INFO:root:[Epoch 545] train=0.022377 val=0.885000 loss=0.837598 time: 70.873316
INFO:root:[Epoch 546] train=0.021789 val=0.882100 loss=0.818348 time: 71.102592
INFO:root:[Epoch 547] train=0.021423 val=0.884500 loss=0.807743 time: 71.171941
INFO:root:[Epoch 548] train=0.022489 val=0.880700 loss=0.836061 time: 70.909816
INFO:root:[Epoch 549] train=0.022725 val=0.886400 loss=0.842036 time: 70.979336
INFO:root:[Epoch 550] train=0.021970 val=0.885600 loss=0.823318 time: 71.111915
INFO:root:[Epoch 551] train=0.023413 val=0.887500 loss=0.866354 time: 70.897876
INFO:root:[Epoch 552] train=0.022595 val=0.880300 loss=0.836351 time: 71.075042
INFO:root:[Epoch 553] train=0.022271 val=0.882300 loss=0.835305 time: 71.065344
INFO:root:[Epoch 554] train=0.021547 val=0.885700 loss=0.812242 time: 71.112503
INFO:root:[Epoch 555] train=0.022263 val=0.885600 loss=0.835815 time: 70.993306
INFO:root:[Epoch 556] train=0.022200 val=0.878700 loss=0.832268 time: 71.140785
INFO:root:[Epoch 557] train=0.020833 val=0.884400 loss=0.787767 time: 71.077298
INFO:root:[Epoch 558] train=0.021648 val=0.885800 loss=0.804036 time: 70.975404
INFO:root:[Epoch 559] train=0.022823 val=0.880100 loss=0.849647 time: 71.092735
INFO:root:[Epoch 560] train=0.022149 val=0.886400 loss=0.827798 time: 71.160345
INFO:root:[Epoch 561] train=0.023604 val=0.887200 loss=0.872135 time: 71.352224
INFO:root:[Epoch 562] train=0.022687 val=0.882900 loss=0.838827 time: 71.082228
INFO:root:[Epoch 563] train=0.023228 val=0.887900 loss=0.855713 time: 71.147011
INFO:root:[Epoch 564] train=0.023214 val=0.888700 loss=0.857097 time: 71.108684
INFO:root:[Epoch 565] train=0.021688 val=0.887700 loss=0.809727 time: 70.891086
INFO:root:[Epoch 566] train=0.022077 val=0.888400 loss=0.824136 time: 70.994568
INFO:root:[Epoch 567] train=0.021445 val=0.885700 loss=0.806206 time: 70.851322
INFO:root:[Epoch 568] train=0.022180 val=0.886300 loss=0.831869 time: 71.156569
INFO:root:[Epoch 569] train=0.021450 val=0.882900 loss=0.813872 time: 70.942423
INFO:root:[Epoch 570] train=0.023205 val=0.886100 loss=0.860123 time: 70.972022
INFO:root:[Epoch 571] train=0.022048 val=0.885900 loss=0.825975 time: 71.161061
INFO:root:[Epoch 572] train=0.020973 val=0.889200 loss=0.793258 time: 71.084886
INFO:root:[Epoch 573] train=0.021969 val=0.879900 loss=0.822145 time: 71.345396
INFO:root:[Epoch 574] train=0.021879 val=0.884600 loss=0.819290 time: 71.041595
INFO:root:[Epoch 575] train=0.021691 val=0.882300 loss=0.811698 time: 71.087657
INFO:root:[Epoch 576] train=0.023431 val=0.883800 loss=0.855578 time: 71.136755
INFO:root:[Epoch 577] train=0.023731 val=0.880700 loss=0.872624 time: 71.219471
INFO:root:[Epoch 578] train=0.020846 val=0.883900 loss=0.783018 time: 71.045143
INFO:root:[Epoch 579] train=0.021824 val=0.888000 loss=0.815748 time: 70.848387
INFO:root:[Epoch 580] train=0.022156 val=0.881700 loss=0.824804 time: 71.187432
INFO:root:[Epoch 581] train=0.022382 val=0.881200 loss=0.832740 time: 71.050975
INFO:root:[Epoch 582] train=0.023780 val=0.879600 loss=0.876968 time: 70.925292
INFO:root:[Epoch 583] train=0.022878 val=0.886500 loss=0.850113 time: 71.266161
INFO:root:[Epoch 584] train=0.022663 val=0.882100 loss=0.844853 time: 71.187424
INFO:root:[Epoch 585] train=0.021696 val=0.887100 loss=0.811296 time: 70.986688
INFO:root:[Epoch 586] train=0.022005 val=0.885400 loss=0.824890 time: 71.194826
INFO:root:[Epoch 587] train=0.021428 val=0.887300 loss=0.797708 time: 71.186728
INFO:root:[Epoch 588] train=0.021257 val=0.885500 loss=0.804753 time: 70.980537
INFO:root:[Epoch 589] train=0.020911 val=0.882200 loss=0.786749 time: 70.957739
INFO:root:[Epoch 590] train=0.023677 val=0.883200 loss=0.864102 time: 71.162596
INFO:root:[Epoch 591] train=0.021719 val=0.887300 loss=0.806851 time: 71.086257
INFO:root:[Epoch 592] train=0.023392 val=0.882600 loss=0.861705 time: 71.013561
INFO:root:[Epoch 593] train=0.022838 val=0.882000 loss=0.843543 time: 71.181909
INFO:root:[Epoch 594] train=0.021106 val=0.884100 loss=0.793616 time: 70.850542
INFO:root:[Epoch 595] train=0.022010 val=0.881300 loss=0.827033 time: 70.994821
INFO:root:[Epoch 596] train=0.022054 val=0.879800 loss=0.824091 time: 71.022595
INFO:root:[Epoch 597] train=0.022345 val=0.883400 loss=0.831335 time: 71.064581
INFO:root:[Epoch 598] train=0.023061 val=0.876600 loss=0.843347 time: 71.153920
INFO:root:[Epoch 599] train=0.021552 val=0.886800 loss=0.817709 time: 71.274786
INFO:root:[Epoch 600] train=0.023064 val=0.885500 loss=0.848413 time: 70.921569
INFO:root:[Epoch 601] train=0.022874 val=0.885500 loss=0.841355 time: 71.268394
INFO:root:[Epoch 602] train=0.022059 val=0.886300 loss=0.821767 time: 71.345258
INFO:root:[Epoch 603] train=0.021907 val=0.884400 loss=0.811306 time: 71.329421
INFO:root:[Epoch 604] train=0.021214 val=0.888500 loss=0.795114 time: 71.331812
INFO:root:[Epoch 605] train=0.024313 val=0.881800 loss=0.894328 time: 71.178316
INFO:root:[Epoch 606] train=0.023390 val=0.884500 loss=0.865308 time: 71.198516
INFO:root:[Epoch 607] train=0.022507 val=0.885600 loss=0.841520 time: 70.997050
INFO:root:[Epoch 608] train=0.022865 val=0.884500 loss=0.844965 time: 71.150678
INFO:root:[Epoch 609] train=0.022576 val=0.885500 loss=0.844957 time: 71.108651
INFO:root:[Epoch 610] train=0.022237 val=0.889000 loss=0.832245 time: 71.382138
INFO:root:[Epoch 611] train=0.022278 val=0.883800 loss=0.829018 time: 71.539990
INFO:root:[Epoch 612] train=0.021859 val=0.889700 loss=0.812747 time: 71.219675
INFO:root:[Epoch 613] train=0.021137 val=0.885700 loss=0.799319 time: 71.248663
INFO:root:[Epoch 614] train=0.023746 val=0.887000 loss=0.872758 time: 71.279960
INFO:root:[Epoch 615] train=0.021858 val=0.886500 loss=0.823502 time: 71.178355
INFO:root:[Epoch 616] train=0.022402 val=0.880200 loss=0.831686 time: 71.160070
INFO:root:[Epoch 617] train=0.024085 val=0.885300 loss=0.874905 time: 71.202212
INFO:root:[Epoch 618] train=0.022968 val=0.883800 loss=0.845644 time: 71.227038
INFO:root:[Epoch 619] train=0.023345 val=0.883600 loss=0.862921 time: 71.232286
INFO:root:[Epoch 620] train=0.000875 val=0.892000 loss=0.004675 time: 71.486512
INFO:root:[Epoch 621] train=0.000699 val=0.893200 loss=0.002476 time: 71.398258
INFO:root:[Epoch 622] train=0.000576 val=0.893800 loss=0.001794 time: 71.323567
INFO:root:[Epoch 623] train=0.000468 val=0.892400 loss=0.001443 time: 71.355868
INFO:root:[Epoch 624] train=0.000449 val=0.893700 loss=0.001203 time: 71.627285
INFO:root:[Epoch 625] train=0.000460 val=0.896300 loss=0.001160 time: 71.309705
INFO:root:[Epoch 626] train=0.000444 val=0.895300 loss=0.001060 time: 71.139982
INFO:root:[Epoch 627] train=0.000398 val=0.895800 loss=0.000984 time: 71.186855
INFO:root:[Epoch 628] train=0.000402 val=0.895000 loss=0.000962 time: 71.219542
INFO:root:[Epoch 629] train=0.000423 val=0.895700 loss=0.000951 time: 71.210915
INFO:root:[Epoch 630] train=0.000444 val=0.895900 loss=0.000971 time: 71.197850
INFO:root:[Epoch 631] train=0.000391 val=0.897000 loss=0.000812 time: 71.238335
INFO:root:[Epoch 632] train=0.000323 val=0.896100 loss=0.000697 time: 71.242323
INFO:root:[Epoch 633] train=0.000341 val=0.895000 loss=0.000704 time: 71.241498
INFO:root:[Epoch 634] train=0.000345 val=0.896400 loss=0.000732 time: 71.210373
INFO:root:[Epoch 635] train=0.000314 val=0.895600 loss=0.000673 time: 71.121052
INFO:root:[Epoch 636] train=0.000345 val=0.896100 loss=0.000711 time: 71.165398
INFO:root:[Epoch 637] train=0.000357 val=0.895900 loss=0.000672 time: 71.205715
INFO:root:[Epoch 638] train=0.000329 val=0.897300 loss=0.000624 time: 71.476581
INFO:root:[Epoch 639] train=0.000415 val=0.897200 loss=0.000747 time: 71.224226
INFO:root:Namespace(batch_size=128, blocks=1, channel_times=1, dataset='cifar100', drop_rate=0.0, gpus='0,1', logging_dir='logs', lr=0.2, lr_decay=0.1, lr_decay_epoch='200,300,350', lr_decay_period=0, mode='hybrid', model='resnext29_32x4d', momentum=0.9, num_epochs=400, num_workers=8, resume_from=None, save_dir='params', save_period=10, save_plot_dir='.', start_layer=1, summary=True, wd=0.0001)
